<?xml version="1.0" encoding="UTF-8"?>
<robot generator="Robot 5.0.1 (Python 3.7.3 on win32)" generated="20220914 22:24:50.775" rpa="false" schemaversion="3">
<suite id="s1" name="testGoogle" source="C:\Users\Olesia_Sashko\Desktop\autotest\tests\testGoogle.robot">
<kw name="Open Browser and Maximize Browser Window" type="SETUP">
<kw name="Open Browser" library="SeleniumLibrary">
<arg>${URL}</arg>
<arg>${BROWSER}</arg>
<doc>Opens a new browser instance to the optional ``url``.</doc>
<msg timestamp="20220914 22:24:50.982" level="INFO">Opening browser 'chrome' to base url 'https://www.google.com/'.</msg>
<status status="PASS" starttime="20220914 22:24:50.982" endtime="20220914 22:24:53.109"/>
</kw>
<kw name="Maximize Browser Window" library="SeleniumLibrary">
<doc>Maximizes current browser window.</doc>
<status status="PASS" starttime="20220914 22:24:53.109" endtime="20220914 22:24:53.249"/>
</kw>
<status status="PASS" starttime="20220914 22:24:50.982" endtime="20220914 22:24:53.250"/>
</kw>
<test id="s1-t1" name="Google Search" line="16">
<kw name="Wait Until Element Is Visible" library="SeleniumLibrary">
<arg>${search_input}</arg>
<doc>Waits until the element ``locator`` is visible.</doc>
<status status="PASS" starttime="20220914 22:24:53.252" endtime="20220914 22:24:53.309"/>
</kw>
<kw name="Input Text" library="SeleniumLibrary">
<arg>${search_input}</arg>
<arg>${search_value}</arg>
<doc>Types the given ``text`` into the text field identified by ``locator``.</doc>
<msg timestamp="20220914 22:24:53.311" level="INFO">Typing text 'Robot Framework' into text field 'xpath=//input[@name='q']'.</msg>
<status status="PASS" starttime="20220914 22:24:53.310" endtime="20220914 22:24:53.535"/>
</kw>
<kw name="Submit Form" library="SeleniumLibrary">
<doc>Submits a form identified by ``locator``.</doc>
<msg timestamp="20220914 22:24:53.536" level="INFO">Submitting form 'None'.</msg>
<status status="PASS" starttime="20220914 22:24:53.536" endtime="20220914 22:24:55.838"/>
</kw>
<kw name="Wait Until Element Is Visible" library="SeleniumLibrary">
<arg>${search_result}</arg>
<doc>Waits until the element ``locator`` is visible.</doc>
<status status="PASS" starttime="20220914 22:24:55.840" endtime="20220914 22:24:55.906"/>
</kw>
<kw name="Element Should Be Visible" library="SeleniumLibrary">
<arg>${search_result}</arg>
<doc>Verifies that the element identified by ``locator`` is visible.</doc>
<msg timestamp="20220914 22:24:55.938" level="INFO">Element 'xpath=//a[@href="https://robotframework.org/"]' is displayed.</msg>
<status status="PASS" starttime="20220914 22:24:55.907" endtime="20220914 22:24:55.938"/>
</kw>
<kw name="Click Element" library="SeleniumLibrary">
<arg>${search_result}</arg>
<doc>Click the element identified by ``locator``.</doc>
<msg timestamp="20220914 22:24:55.941" level="INFO">Clicking element 'xpath=//a[@href="https://robotframework.org/"]'.</msg>
<status status="PASS" starttime="20220914 22:24:55.940" endtime="20220914 22:24:57.704"/>
</kw>
<status status="PASS" starttime="20220914 22:24:53.250" endtime="20220914 22:24:57.705"/>
</test>
<kw name="Close Browser" library="SeleniumLibrary" type="TEARDOWN">
<doc>Closes the current browser.</doc>
<status status="PASS" starttime="20220914 22:24:57.707" endtime="20220914 22:25:00.053"/>
</kw>
<doc>Simple example using SeleniumLibrary.</doc>
<status status="PASS" starttime="20220914 22:24:50.777" endtime="20220914 22:25:00.053"/>
</suite>
<statistics>
<total>
<stat pass="1" fail="0" skip="0">All Tests</stat>
</total>
<tag>
</tag>
<suite>
<stat pass="1" fail="0" skip="0" id="s1" name="testGoogle">testGoogle</stat>
</suite>
</statistics>
<errors>
</errors>
</robot>
